
> voto@0.2.1 typecheck
> tsc --noEmit

scripts/demo/run_demo_seed.ts(7,29): error TS2307: Cannot find module './seed_ranking' or its corresponding type declarations.
src/app/api/auth/login/route.ts(38,17): error TS1355: A 'const' assertions can only be applied to references to enum members, or string, number, boolean, array, or object literals.
src/app/api/chamados/route.ts(50,28): error TS2339: Property 'FieldValue' does not exist on type 'Firestore'.
src/app/api/register/route.ts(7,21): error TS2339: Property 'role' does not exist on type 'UserRecord'.
src/app/api/register/route.ts(18,55): error TS2353: Object literal may only specify known properties, and 'password' does not exist in type 'User'.
src/app/dashboard/(leader)/_components/LeaderCompactMetrics.tsx(11,45): error TS2339: Property 'missions7d' does not exist on type 'LeaderCompactMetrics'.
src/app/dashboard/(leader)/content/create/page.tsx(4,40): error TS2307: Cannot find module '@/services/missionService' or its corresponding type declarations.
src/app/dashboard/(leader)/content/create/page.tsx(5,10): error TS2305: Module '"@/types/event"' has no exported member 'Mission'.
src/app/dashboard/(leader)/content/create/page.tsx(23,20): error TS7006: Parameter 'prev' implicitly has an 'any' type.
src/app/dashboard/(leader)/meeting/[id]/page.tsx(1,35): error TS2307: Cannot find module '@/services/missionService' or its corresponding type declarations.
src/app/dashboard/(leader)/meeting/[id]/page.tsx(63,31): error TS7006: Parameter 'attendee' implicitly has an 'any' type.
src/app/dashboard/(leader)/meeting/page.tsx(1,57): error TS2307: Cannot find module '@/services/missionService' or its corresponding type declarations.
src/app/dashboard/(leader)/meeting/page.tsx(35,24): error TS7006: Parameter 'meeting' implicitly has an 'any' type.
src/app/dashboard/admin/members/[memberId]/_components/MemberProfile.tsx(3,24): error TS2307: Cannot find module '@/services/leader/getMyMembers' or its corresponding type declarations.
src/app/dashboard/admin/members/[memberId]/page.tsx(57,36): error TS2322: Type '"secondary" | "destructive" | "success"' is not assignable to type '"secondary" | "destructive" | "default" | "outline" | null | undefined'.
  Type '"success"' is not assignable to type '"secondary" | "destructive" | "default" | "outline" | null | undefined'.
src/app/dashboard/admin/members/[memberId]/page.tsx(89,93): error TS7006: Parameter 'index' implicitly has an 'any' type.
src/app/dashboard/admin/supporters/columns.tsx(33,41): error TS2339: Property 'city' does not exist on type 'Member'.
src/app/dashboard/admin/supporters/columns.tsx(42,41): error TS2551: Property 'leader' does not exist on type 'Member'. Did you mean 'leaderId'?
src/app/dashboard/admin/supporters/page.tsx(49,37): error TS2345: Argument of type 'string | null | undefined' is not assignable to parameter of type 'string'.
  Type 'undefined' is not assignable to type 'string'.
src/app/dashboard/admin/supporters/page.tsx(50,40): error TS2345: Argument of type 'string | null' is not assignable to parameter of type 'string'.
  Type 'null' is not assignable to type 'string'.
src/app/dashboard/admin/supporters/page.tsx(53,27): error TS2345: Argument of type '{ city: City | undefined; leader: Leader | undefined; id: string; name: string; phone: string | null; address: string; leaderName: string; status: "ativo" | "inativo" | "potencial"; leaderId: string | null; cityId?: string | ... 1 more ... | undefined; cityName?: string | ... 1 more ... | undefined; votePotential?: ...' is not assignable to parameter of type 'SetStateAction<PopulatedMember[]>'.
  Type '{ city: City | undefined; leader: Leader | undefined; id: string; name: string; phone: string | null; address: string; leaderName: string; status: "ativo" | "inativo" | "potencial"; leaderId: string | null; cityId?: string | ... 1 more ... | undefined; cityName?: string | ... 1 more ... | undefined; votePotential?: ...' is not assignable to type 'PopulatedMember[]'.
    Type '{ city: City | undefined; leader: Leader | undefined; id: string; name: string; phone: string | null; address: string; leaderName: string; status: "ativo" | "inativo" | "potencial"; leaderId: string | null; cityId?: string | ... 1 more ... | undefined; cityName?: string | ... 1 more ... | undefined; votePotential?: ...' is missing the following properties from type 'PopulatedMember': experience, createdAt
src/app/dashboard/admin/supporters/page.tsx(54,32): error TS2345: Argument of type '{ city: City | undefined; leader: Leader | undefined; id: string; name: string; phone: string | null; address: string; leaderName: string; status: "ativo" | "inativo" | "potencial"; leaderId: string | null; cityId?: string | ... 1 more ... | undefined; cityName?: string | ... 1 more ... | undefined; votePotential?: ...' is not assignable to parameter of type 'SetStateAction<PopulatedMember[]>'.
  Type '{ city: City | undefined; leader: Leader | undefined; id: string; name: string; phone: string | null; address: string; leaderName: string; status: "ativo" | "inativo" | "potencial"; leaderId: string | null; cityId?: string | ... 1 more ... | undefined; cityName?: string | ... 1 more ... | undefined; votePotential?: ...' is not assignable to type 'PopulatedMember[]'.
    Type '{ city: City | undefined; leader: Leader | undefined; id: string; name: string; phone: string | null; address: string; leaderName: string; status: "ativo" | "inativo" | "potencial"; leaderId: string | null; cityId?: string | ... 1 more ... | undefined; cityName?: string | ... 1 more ... | undefined; votePotential?: ...' is missing the following properties from type 'PopulatedMember': experience, createdAt
src/components/ai/FloatingAiChat.tsx(20,30): error TS2339: Property 'avatar' does not exist on type 'User'.
src/components/dashboard/ai-search.tsx(6,65): error TS2307: Cannot find module '@/ai/flows/ai-powered-intelligent-search' or its corresponding type declarations.
src/components/dashboard/business-assistant.tsx(4,37): error TS2307: Cannot find module '@/ai/flows/ai-virtual-assistant-for-business' or its corresponding type declarations.
src/components/dashboard/health-assistant-chat.tsx(8,40): error TS2307: Cannot find module '@/ai/flows/virtual-health-assistant' or its corresponding type declarations.
src/components/dashboard/health-assistant-chat.tsx(9,30): error TS2307: Cannot find module '@/ai/flows/text-to-speech' or its corresponding type declarations.
src/components/dashboard/notifications.tsx(17,33): error TS2307: Cannot find module '@/types/notification' or its corresponding type declarations.
src/components/dashboard/sidebar.tsx(8,20): error TS7031: Binding element 'href' implicitly has an 'any' type.
src/components/dashboard/sidebar.tsx(8,32): error TS7031: Binding element 'Icon' implicitly has an 'any' type.
src/components/dashboard/sidebar.tsx(8,38): error TS7031: Binding element 'label' implicitly has an 'any' type.
src/components/dashboard/sidebar.tsx(19,26): error TS7031: Binding element 'title' implicitly has an 'any' type.
src/components/forms/CreateEventForm.tsx(18,29): error TS2307: Cannot find module '@/services/eventService' or its corresponding type declarations.
src/components/leader/LeaderPerformance.tsx(5,34): error TS2307: Cannot find module '@/app/dashboard/admin/leaders/[leaderId]/_components/LeaderStatsCards' or its corresponding type declarations.
src/components/leader/LeaderProfileForm.tsx(92,9): error TS2322: Type '"success"' is not assignable to type '"destructive" | "default" | null | undefined'.
src/components/leader/MemberList.tsx(4,30): error TS2307: Cannot find module '@/services/leader/getMyMembers' or its corresponding type declarations.
src/components/leader/MemberList.tsx(5,36): error TS2307: Cannot find module '@/app/dashboard/admin/leaders/[leaderId]/_components/LeaderMembersTable' or its corresponding type declarations.
src/components/theme-provider.tsx(5,41): error TS2307: Cannot find module 'next-themes/dist/types' or its corresponding type declarations.
src/components/ui/meeting-card.tsx(6,10): error TS2305: Module '"@/types/event"' has no exported member 'Meeting'.
src/services/admin/members/getVisitsByMember.ts(4,23): error TS2307: Cannot find module '@/services/leader/getVisitsByLeader' or its corresponding type declarations.
src/services/ai/providers.ts(224,37): error TS18004: No value exists in scope for the shorthand property 'model'. Either declare one or provide an initializer.
src/services/auth/getCurrentUser.ts(21,5): error TS2322: Type 'string | undefined' is not assignable to type 'string'.
  Type 'undefined' is not assignable to type 'string'.
src/services/auth/logout.ts(7,15): error TS2339: Property 'delete' does not exist on type 'Promise<ReadonlyRequestCookies>'.
src/services/chamadosService.ts(2,25): error TS2307: Cannot find module '@/types/chamado' or its corresponding type declarations.
src/services/leader/createLeader.ts(3,10): error TS2305: Module '"@/lib/firebase"' has no exported member 'firestore'.
src/services/leader/registerMember.ts(1,21): error TS2305: Module '"@/lib/firebase-admin"' has no exported member 'serverTimestamp'.
src/services/leader/registerMember.ts(1,38): error TS2305: Module '"@/lib/firebase-admin"' has no exported member 'FieldValue'.
src/services/newsService.ts(2,22): error TS2307: Cannot find module '@/types/news' or its corresponding type declarations.
src/services/registerService.ts(7,20): error TS2339: Property 'password' does not exist on type 'User'.
